0 info it worked if it ends with ok
1 verbose cli [ 'D:\\Programs\\nodejs\\\\node.exe',
1 verbose cli   'D:\\Programs\\nodejs\\node_modules\\npm\\bin\\npm-cli.js',
1 verbose cli   'test',
1 verbose cli   '--log-level',
1 verbose cli   'debug' ]
2 info using npm@1.4.28
3 info using node@v0.10.35
4 verbose node symlink D:\Programs\nodejs\\node.exe
5 error Error: ENOENT, open 'D:\Documents\Dropbox\Work\intizewebmath\node_modules\debug\package.json'
6 error If you need help, you may report this *entire* log,
6 error including the npm and node versions, at:
6 error     <http://github.com/npm/npm/issues>
7 error System Windows_NT 6.1.7601
8 error command "D:\\Programs\\nodejs\\\\node.exe" "D:\\Programs\\nodejs\\node_modules\\npm\\bin\\npm-cli.js" "test" "--log-level" "debug"
9 error cwd D:\Documents\Dropbox\Work\intizewebmath
10 error node -v v0.10.35
11 error npm -v 1.4.28
12 error path D:\Documents\Dropbox\Work\intizewebmath\node_modules\debug\package.json
13 error code ENOENT
14 error errno 34
15 verbose exit [ 34, true ]
